e:\desktop\picnic-master\visualstudio\x64\debug\libpicnic\libpicnic.pdb
e:\desktop\picnic-master\visualstudio\x64\debug\libpicnic\libpicnic.idb
e:\desktop\picnic-master\visualstudio\x64\debug\libpicnic\tree.obj
e:\desktop\picnic-master\visualstudio\x64\debug\libpicnic\keccakspongewidth1600.obj
e:\desktop\picnic-master\visualstudio\x64\debug\libpicnic\keccakp-1600-reference.obj
e:\desktop\picnic-master\visualstudio\x64\debug\libpicnic\keccakhash.obj
e:\desktop\picnic-master\visualstudio\x64\debug\libpicnic\picnic_types.obj
e:\desktop\picnic-master\visualstudio\x64\debug\libpicnic\picnic_impl.obj
e:\desktop\picnic-master\visualstudio\x64\debug\libpicnic\picnic2_impl.obj
e:\desktop\picnic-master\visualstudio\x64\debug\libpicnic\picnic.obj
e:\desktop\picnic-master\visualstudio\x64\debug\libpicnic\memberproof.obj
e:\desktop\picnic-master\visualstudio\x64\debug\libpicnic\lowmc_constants.obj
e:\desktop\picnic-master\visualstudio\x64\debug\libpicnic\hash.obj
e:\desktop\picnic-master\visualstudio\x64\debug\libpicnic\libpicnic.lib
e:\desktop\picnic-master\visualstudio\x64\debug\libpicnic\libpicnic.tlog\cl.command.1.tlog
e:\desktop\picnic-master\visualstudio\x64\debug\libpicnic\libpicnic.tlog\cl.read.1.tlog
e:\desktop\picnic-master\visualstudio\x64\debug\libpicnic\libpicnic.tlog\cl.write.1.tlog
e:\desktop\picnic-master\visualstudio\x64\debug\libpicnic\libpicnic.tlog\lib-link.read.1.tlog
e:\desktop\picnic-master\visualstudio\x64\debug\libpicnic\libpicnic.tlog\lib-link.write.1.tlog
e:\desktop\picnic-master\visualstudio\x64\debug\libpicnic\libpicnic.tlog\lib.command.1.tlog
