c:\users\13247\desktop\safeepid\epidserver\x64\debug\vc143.pdb
c:\users\13247\desktop\safeepid\epidserver\x64\debug\vc143.idb
c:\users\13247\desktop\safeepid\epidserver\x64\debug\syscombobox.obj
c:\users\13247\desktop\safeepid\epidserver\x64\debug\syscheckbox.obj
c:\users\13247\desktop\safeepid\epidserver\x64\debug\sysbutton.obj
c:\users\13247\desktop\safeepid\epidserver\x64\debug\histart.obj
c:\users\13247\desktop\safeepid\epidserver\x64\debug\himusicmci.obj
c:\users\13247\desktop\safeepid\epidserver\x64\debug\himousedrag.obj
c:\users\13247\desktop\safeepid\epidserver\x64\debug\hiicon.obj
c:\users\13247\desktop\safeepid\epidserver\x64\debug\static.obj
c:\users\13247\desktop\safeepid\epidserver\x64\debug\scrollbar.obj
c:\users\13247\desktop\safeepid\epidserver\x64\debug\progressctrl.obj
c:\users\13247\desktop\safeepid\epidserver\x64\debug\page.obj
c:\users\13247\desktop\safeepid\epidserver\x64\debug\controlbase.obj
c:\users\13247\desktop\safeepid\epidserver\x64\debug\button.obj
c:\users\13247\desktop\safeepid\epidserver\x64\debug\higif.obj
c:\users\13247\desktop\safeepid\epidserver\x64\debug\higdiplus.obj
c:\users\13247\desktop\safeepid\epidserver\x64\debug\hifunc.obj
c:\users\13247\desktop\safeepid\epidserver\x64\debug\hifps.obj
c:\users\13247\desktop\safeepid\epidserver\x64\debug\hidrawingproperty.obj
c:\users\13247\desktop\safeepid\epidserver\x64\debug\hicontainer.obj
c:\users\13247\desktop\safeepid\epidserver\x64\debug\hicanvas.obj
c:\users\13247\desktop\safeepid\epidserver\x64\debug\hiwindow.obj
c:\users\13247\desktop\safeepid\epidserver\x64\debug\sysstatic.obj
c:\users\13247\desktop\safeepid\epidserver\x64\debug\sysradiobutton.obj
c:\users\13247\desktop\safeepid\epidserver\x64\debug\sysgroupbox.obj
c:\users\13247\desktop\safeepid\epidserver\x64\debug\sysgroup.obj
c:\users\13247\desktop\safeepid\epidserver\x64\debug\sysedit.obj
c:\users\13247\desktop\safeepid\epidserver\x64\debug\syscontrolbase.obj
c:\users\13247\desktop\safeepid\epidserver\x64\debug\server.obj
c:\users\13247\desktop\safeepid\epidserver\x64\debug\epid.exe
c:\users\13247\desktop\safeepid\epidserver\x64\debug\epid.pdb
c:\users\13247\desktop\基于后量子隐私增强保护的电动汽车充电方案\code\epidserver\x64\debug\button.obj
c:\users\13247\desktop\基于后量子隐私增强保护的电动汽车充电方案\code\epidserver\x64\debug\controlbase.obj
c:\users\13247\desktop\基于后量子隐私增强保护的电动汽车充电方案\code\epidserver\x64\debug\hicanvas.obj
c:\users\13247\desktop\基于后量子隐私增强保护的电动汽车充电方案\code\epidserver\x64\debug\hicontainer.obj
c:\users\13247\desktop\基于后量子隐私增强保护的电动汽车充电方案\code\epidserver\x64\debug\hidrawingproperty.obj
c:\users\13247\desktop\基于后量子隐私增强保护的电动汽车充电方案\code\epidserver\x64\debug\hifps.obj
c:\users\13247\desktop\基于后量子隐私增强保护的电动汽车充电方案\code\epidserver\x64\debug\hifunc.obj
c:\users\13247\desktop\基于后量子隐私增强保护的电动汽车充电方案\code\epidserver\x64\debug\higdiplus.obj
c:\users\13247\desktop\基于后量子隐私增强保护的电动汽车充电方案\code\epidserver\x64\debug\higif.obj
c:\users\13247\desktop\基于后量子隐私增强保护的电动汽车充电方案\code\epidserver\x64\debug\hiicon.obj
c:\users\13247\desktop\基于后量子隐私增强保护的电动汽车充电方案\code\epidserver\x64\debug\himousedrag.obj
c:\users\13247\desktop\基于后量子隐私增强保护的电动汽车充电方案\code\epidserver\x64\debug\himusicmci.obj
c:\users\13247\desktop\基于后量子隐私增强保护的电动汽车充电方案\code\epidserver\x64\debug\histart.obj
c:\users\13247\desktop\基于后量子隐私增强保护的电动汽车充电方案\code\epidserver\x64\debug\hiwindow.obj
c:\users\13247\desktop\基于后量子隐私增强保护的电动汽车充电方案\code\epidserver\x64\debug\page.obj
c:\users\13247\desktop\基于后量子隐私增强保护的电动汽车充电方案\code\epidserver\x64\debug\progressctrl.obj
c:\users\13247\desktop\基于后量子隐私增强保护的电动汽车充电方案\code\epidserver\x64\debug\scrollbar.obj
c:\users\13247\desktop\基于后量子隐私增强保护的电动汽车充电方案\code\epidserver\x64\debug\server.obj
c:\users\13247\desktop\基于后量子隐私增强保护的电动汽车充电方案\code\epidserver\x64\debug\static.obj
c:\users\13247\desktop\基于后量子隐私增强保护的电动汽车充电方案\code\epidserver\x64\debug\sysbutton.obj
c:\users\13247\desktop\基于后量子隐私增强保护的电动汽车充电方案\code\epidserver\x64\debug\syscheckbox.obj
c:\users\13247\desktop\基于后量子隐私增强保护的电动汽车充电方案\code\epidserver\x64\debug\syscombobox.obj
c:\users\13247\desktop\基于后量子隐私增强保护的电动汽车充电方案\code\epidserver\x64\debug\syscontrolbase.obj
c:\users\13247\desktop\基于后量子隐私增强保护的电动汽车充电方案\code\epidserver\x64\debug\sysedit.obj
c:\users\13247\desktop\基于后量子隐私增强保护的电动汽车充电方案\code\epidserver\x64\debug\sysgroup.obj
c:\users\13247\desktop\基于后量子隐私增强保护的电动汽车充电方案\code\epidserver\x64\debug\sysgroupbox.obj
c:\users\13247\desktop\基于后量子隐私增强保护的电动汽车充电方案\code\epidserver\x64\debug\sysradiobutton.obj
c:\users\13247\desktop\基于后量子隐私增强保护的电动汽车充电方案\code\epidserver\x64\debug\sysstatic.obj
c:\users\13247\desktop\基于后量子隐私增强保护的电动汽车充电方案\code\epidserver\x64\debug\vc143.idb
c:\users\13247\desktop\基于后量子隐私增强保护的电动汽车充电方案\code\epidserver\x64\debug\epid.pdb
c:\users\13247\desktop\基于后量子隐私增强保护的电动汽车充电方案\code\epidserver\x64\debug\vc143.pdb
c:\users\13247\desktop\基于后量子隐私增强保护的电动汽车充电方案\code\epidserver\x64\debug\epid.exe
c:\users\13247\desktop\基于后量子隐私增强保护的电动汽车充电方案\code\epidserver\x64\debug\epid.tlog\cl.command.1.tlog
c:\users\13247\desktop\基于后量子隐私增强保护的电动汽车充电方案\code\epidserver\x64\debug\epid.tlog\cl.read.1.tlog
c:\users\13247\desktop\基于后量子隐私增强保护的电动汽车充电方案\code\epidserver\x64\debug\epid.tlog\cl.write.1.tlog
c:\users\13247\desktop\基于后量子隐私增强保护的电动汽车充电方案\code\epidserver\x64\debug\epid.tlog\link.command.1.tlog
c:\users\13247\desktop\基于后量子隐私增强保护的电动汽车充电方案\code\epidserver\x64\debug\epid.tlog\link.read.1.tlog
c:\users\13247\desktop\基于后量子隐私增强保护的电动汽车充电方案\code\epidserver\x64\debug\epid.tlog\link.write.1.tlog
