  EPIDmanager.c
C:\Users\13247\Desktop\基于后量子隐私增强保护的电动汽车充电方案\code\EPIDLib\EPIDmanager.c(80,44): warning C4133: “函数”: 从“PubKey *”到“const uint8_t *”的类型不兼容
C:\Users\13247\Desktop\基于后量子隐私增强保护的电动汽车充电方案\code\EPIDLib\EPIDmanager.c(305,64): warning C4133: “函数”: 从“uint8_t *”到“uint64_t *”的类型不兼容
C:\Users\13247\Desktop\基于后量子隐私增强保护的电动汽车充电方案\code\EPIDLib\EPIDmanager.c(368,71): warning C4133: “函数”: 从“uint8_t *”到“uint64_t *”的类型不兼容
C:\Users\13247\Desktop\基于后量子隐私增强保护的电动汽车充电方案\code\EPIDLib\EPIDmanager.c(435,60): warning C4047: “函数”:“uint8_t *”与“size_t”的间接级别不同
C:\Users\13247\Desktop\基于后量子隐私增强保护的电动汽车充电方案\code\EPIDLib\EPIDmanager.c(435,47): warning C4024: “EPID_MemberProof_verify”: 形参和实参 2 的类型不同
  EPIDMember.c
C:\Users\13247\Desktop\基于后量子隐私增强保护的电动汽车充电方案\code\EPIDLib\EPIDMember.c(76,69): warning C4133: “函数”: 从“PubKey *”到“const uint8_t *”的类型不兼容
C:\Users\13247\Desktop\基于后量子隐私增强保护的电动汽车充电方案\code\EPIDLib\EPIDMember.c(117,84): warning C4047: “!=”:“uint8_t *”与“unsigned __int64”的间接级别不同
C:\Users\13247\Desktop\基于后量子隐私增强保护的电动汽车充电方案\code\EPIDLib\EPIDMember.c(131,104): warning C4047: “!=”:“uint8_t *”与“unsigned __int64”的间接级别不同
C:\Users\13247\Desktop\基于后量子隐私增强保护的电动汽车充电方案\code\EPIDLib\EPIDMember.c(167,45): warning C4133: “函数”: 从“PubKey *”到“const uint8_t *”的类型不兼容
C:\Users\13247\Desktop\基于后量子隐私增强保护的电动汽车充电方案\code\EPIDLib\EPIDMember.c(198,84): warning C4047: “!=”:“uint8_t *”与“unsigned __int64”的间接级别不同
C:\Users\13247\Desktop\基于后量子隐私增强保护的电动汽车充电方案\code\EPIDLib\EPIDMember.c(213,78): warning C4047: “!=”:“uint8_t *”与“unsigned __int64”的间接级别不同
C:\Users\13247\Desktop\基于后量子隐私增强保护的电动汽车充电方案\code\EPIDLib\EPIDMember.c(286,9): warning C4267: “return”: 从“size_t”转换到“int”，可能丢失数据
  KKWsign.c
C:\Users\13247\Desktop\基于后量子隐私增强保护的电动汽车充电方案\code\EPIDLib\KKWsign.c(11,11): warning C4013: “get_param_set”未定义；假设外部返回 int
C:\Users\13247\Desktop\基于后量子隐私增强保护的电动汽车充电方案\code\EPIDLib\KKWsign.c(100,39): warning C4267: “函数”: 从“size_t”转换到“int”，可能丢失数据
C:\Users\13247\Desktop\基于后量子隐私增强保护的电动汽车充电方案\code\EPIDLib\KKWsign.c(106,39): warning C4267: “函数”: 从“size_t”转换到“int”，可能丢失数据
C:\Users\13247\Desktop\基于后量子隐私增强保护的电动汽车充电方案\code\EPIDLib\KKWsign.c(123,12): warning C4477: “printf”: 格式字符串“%d”需要类型“int”的参数，但可变参数 1 拥有了类型“size_t”
C:\Users\13247\Desktop\基于后量子隐私增强保护的电动汽车充电方案\code\EPIDLib\KKWsign.c(123,12): message : 请考虑在格式字符串中使用“%zd”
C:\Users\13247\Desktop\基于后量子隐私增强保护的电动汽车充电方案\code\EPIDLib\KKWsign.c(125,43): warning C4267: “函数”: 从“size_t”转换到“int”，可能丢失数据
C:\Users\13247\Desktop\基于后量子隐私增强保护的电动汽车充电方案\code\EPIDLib\KKWsign.c(150,43): warning C4267: “函数”: 从“size_t”转换到“int”，可能丢失数据
C:\Users\13247\Desktop\基于后量子隐私增强保护的电动汽车充电方案\code\EPIDLib\KKWsign.c(153,87): warning C4047: “函数”:“size_t”与“uint8_t *”的间接级别不同
C:\Users\13247\Desktop\基于后量子隐私增强保护的电动汽车充电方案\code\EPIDLib\KKWsign.c(153,74): warning C4024: “MemberProof_verify”: 形参和实参 5 的类型不同
  tools.c
C:\Users\13247\Desktop\基于后量子隐私增强保护的电动汽车充电方案\code\EPIDLib\tools.c(89,17): warning C4133: “函数”: 从“uint8_t [16]”到“uint32_t *”的类型不兼容
C:\Users\13247\Desktop\基于后量子隐私增强保护的电动汽车充电方案\code\EPIDLib\tools.c(89,25): warning C4133: “函数”: 从“uint8_t [16]”到“uint32_t *”的类型不兼容
C:\Users\13247\Desktop\基于后量子隐私增强保护的电动汽车充电方案\code\EPIDLib\tools.c(89,33): warning C4133: “函数”: 从“uint8_t [16]”到“uint32_t *”的类型不兼容
C:\Users\13247\Desktop\基于后量子隐私增强保护的电动汽车充电方案\code\EPIDLib\tools.c(107,69): warning C4047: “!=”:“uint8_t *”与“unsigned __int64”的间接级别不同
  EPID.vcxproj -> C:\Users\13247\Desktop\基于后量子隐私增强保护的电动汽车充电方案\code\EPIDLib\x64\Release\EPID.lib
