  cilent.cpp
C:\Users\13247\Desktop\基于后量子隐私增强保护的电动汽车充电认证方案\code\EPIDCilent\cilent.cpp(40,78): warning C4267: “参数”: 从“size_t”转换到“int”，可能丢失数据
C:\Users\13247\Desktop\基于后量子隐私增强保护的电动汽车充电认证方案\code\EPIDCilent\cilent.cpp(42,72): warning C4267: “参数”: 从“size_t”转换到“int”，可能丢失数据
C:\Users\13247\Desktop\基于后量子隐私增强保护的电动汽车充电认证方案\code\EPIDCilent\cilent.cpp(140,65): warning C4267: “参数”: 从“size_t”转换到“int”，可能丢失数据
C:\Users\13247\Desktop\基于后量子隐私增强保护的电动汽车充电认证方案\code\EPIDCilent\cilent.cpp(149,65): warning C4267: “参数”: 从“size_t”转换到“int”，可能丢失数据
C:\Users\13247\Desktop\基于后量子隐私增强保护的电动汽车充电认证方案\code\EPIDCilent\cilent.cpp(161,65): warning C4267: “参数”: 从“size_t”转换到“int”，可能丢失数据
C:\Users\13247\Desktop\基于后量子隐私增强保护的电动汽车充电认证方案\code\EPIDCilent\cilent.cpp(198,77): warning C4267: “参数”: 从“size_t”转换到“int”，可能丢失数据
C:\Users\13247\Desktop\基于后量子隐私增强保护的电动汽车充电认证方案\code\EPIDCilent\cilent.cpp(239,66): warning C4267: “参数”: 从“size_t”转换到“int”，可能丢失数据
  HiCanvas.cpp
  HiContainer.cpp
  HiDrawingProperty.cpp
  HiFPS.cpp
  HiFunc.cpp
  HiGdiplus.cpp
  HiGif.cpp
  Button.cpp
  ControlBase.cpp
  Page.cpp
  ProgressCtrl.cpp
  ScrollBar.cpp
  Static.cpp
  HiIcon.cpp
  HiMouseDrag.cpp
  HiMusicMCI.cpp
  HiStart.cpp
  SysButton.cpp
  SysCheckBox.cpp
  正在生成代码...
  正在编译...
  SysComboBox.cpp
  SysControlBase.cpp
  SysEdit.cpp
  SysGroup.cpp
  SysGroupBox.cpp
  SysRadioButton.cpp
  SysStatic.cpp
  HiWindow.cpp
  正在生成代码...
  EPID.lib(tools.obj) : 找到 MSIL .netmodule 或使用 /GL 编译的模块；正在使用 /LTCG 重新启动链接；将 /LTCG 添加到链接命令行以改进链接器性能
LINK : warning LNK4075: 忽略“/INCREMENTAL”(由于“/LTCG”规范)
LINK : warning LNK4098: 默认库“MSVCRT”与其他库的使用冲突；请使用 /NODEFAULTLIB:library
  正在生成代码
C:\Users\13247\Desktop\基于后量子隐私增强保护的电动汽车充电方案\code\Picnic-master\MemberProof.c(2018): warning C4716: “GetZinterTape”: 必须返回一个值
  已完成代码的生成
  EPID.vcxproj -> C:\Users\13247\Desktop\基于后量子隐私增强保护的电动汽车充电认证方案\code\EPIDCilent\x64\Debug\EPID.exe
