e:\desktop\epid (2)\x64\debug\vc143.pdb
e:\desktop\epid (2)\x64\debug\vc143.idb
e:\desktop\epid (2)\x64\debug\cilent.obj
e:\desktop\epid (2)\x64\debug\tools.obj
e:\desktop\epid (2)\x64\debug\sm4.obj
e:\desktop\epid (2)\x64\debug\kkwsign.obj
e:\desktop\epid (2)\x64\debug\epidmember.obj
e:\desktop\epid (2)\x64\debug\epidmanager.obj
c:\users\13247\desktop\safeepid\epidcilent\x64\debug\vc143.pdb
c:\users\13247\desktop\safeepid\epidcilent\x64\debug\vc143.idb
c:\users\13247\desktop\safeepid\epidcilent\x64\debug\cilent.obj
e:\desktop\epid (2)\x64\debug\epid.exe
e:\desktop\epid (2)\x64\debug\epid.pdb
c:\users\13247\desktop\safeepid\epidcilent\x64\debug\epid.exe
c:\users\13247\desktop\safeepid\epidcilent\x64\debug\epid.pdb
c:\users\13247\desktop\safeepid\epidcilent\x64\debug\epidmanager.obj
c:\users\13247\desktop\safeepid\epidcilent\x64\debug\epidmember.obj
c:\users\13247\desktop\safeepid\epidcilent\x64\debug\kkwsign.obj
c:\users\13247\desktop\safeepid\epidcilent\x64\debug\sm4.obj
c:\users\13247\desktop\safeepid\epidcilent\x64\debug\tools.obj
c:\users\13247\desktop\safeepid\epidcilent\x64\debug\epid.tlog\cl.command.1.tlog
c:\users\13247\desktop\safeepid\epidcilent\x64\debug\epid.tlog\cl.read.1.tlog
c:\users\13247\desktop\safeepid\epidcilent\x64\debug\epid.tlog\cl.write.1.tlog
c:\users\13247\desktop\safeepid\epidcilent\x64\debug\epid.tlog\link.command.1.tlog
c:\users\13247\desktop\safeepid\epidcilent\x64\debug\epid.tlog\link.read.1.tlog
c:\users\13247\desktop\safeepid\epidcilent\x64\debug\epid.tlog\link.write.1.tlog
