c:\users\13247\desktop\基于后量子隐私增强保护的电动汽车充电认证方案\code\epidcilent\x64\release\vc143.pdb
c:\users\13247\desktop\基于后量子隐私增强保护的电动汽车充电认证方案\code\epidcilent\x64\release\syscheckbox.obj
c:\users\13247\desktop\基于后量子隐私增强保护的电动汽车充电认证方案\code\epidcilent\x64\release\sysbutton.obj
c:\users\13247\desktop\基于后量子隐私增强保护的电动汽车充电认证方案\code\epidcilent\x64\release\histart.obj
c:\users\13247\desktop\基于后量子隐私增强保护的电动汽车充电认证方案\code\epidcilent\x64\release\himusicmci.obj
c:\users\13247\desktop\基于后量子隐私增强保护的电动汽车充电认证方案\code\epidcilent\x64\release\himousedrag.obj
c:\users\13247\desktop\基于后量子隐私增强保护的电动汽车充电认证方案\code\epidcilent\x64\release\hiicon.obj
c:\users\13247\desktop\基于后量子隐私增强保护的电动汽车充电认证方案\code\epidcilent\x64\release\static.obj
c:\users\13247\desktop\基于后量子隐私增强保护的电动汽车充电认证方案\code\epidcilent\x64\release\scrollbar.obj
c:\users\13247\desktop\基于后量子隐私增强保护的电动汽车充电认证方案\code\epidcilent\x64\release\progressctrl.obj
c:\users\13247\desktop\基于后量子隐私增强保护的电动汽车充电认证方案\code\epidcilent\x64\release\page.obj
c:\users\13247\desktop\基于后量子隐私增强保护的电动汽车充电认证方案\code\epidcilent\x64\release\controlbase.obj
c:\users\13247\desktop\基于后量子隐私增强保护的电动汽车充电认证方案\code\epidcilent\x64\release\button.obj
c:\users\13247\desktop\基于后量子隐私增强保护的电动汽车充电认证方案\code\epidcilent\x64\release\higif.obj
c:\users\13247\desktop\基于后量子隐私增强保护的电动汽车充电认证方案\code\epidcilent\x64\release\higdiplus.obj
c:\users\13247\desktop\基于后量子隐私增强保护的电动汽车充电认证方案\code\epidcilent\x64\release\hifunc.obj
c:\users\13247\desktop\基于后量子隐私增强保护的电动汽车充电认证方案\code\epidcilent\x64\release\hifps.obj
c:\users\13247\desktop\基于后量子隐私增强保护的电动汽车充电认证方案\code\epidcilent\x64\release\hidrawingproperty.obj
c:\users\13247\desktop\基于后量子隐私增强保护的电动汽车充电认证方案\code\epidcilent\x64\release\hicontainer.obj
c:\users\13247\desktop\基于后量子隐私增强保护的电动汽车充电认证方案\code\epidcilent\x64\release\hicanvas.obj
c:\users\13247\desktop\基于后量子隐私增强保护的电动汽车充电认证方案\code\epidcilent\x64\release\cilent.obj
c:\users\13247\desktop\基于后量子隐私增强保护的电动汽车充电认证方案\code\epidcilent\x64\release\hiwindow.obj
c:\users\13247\desktop\基于后量子隐私增强保护的电动汽车充电认证方案\code\epidcilent\x64\release\sysstatic.obj
c:\users\13247\desktop\基于后量子隐私增强保护的电动汽车充电认证方案\code\epidcilent\x64\release\sysradiobutton.obj
c:\users\13247\desktop\基于后量子隐私增强保护的电动汽车充电认证方案\code\epidcilent\x64\release\sysgroupbox.obj
c:\users\13247\desktop\基于后量子隐私增强保护的电动汽车充电认证方案\code\epidcilent\x64\release\sysgroup.obj
c:\users\13247\desktop\基于后量子隐私增强保护的电动汽车充电认证方案\code\epidcilent\x64\release\sysedit.obj
c:\users\13247\desktop\基于后量子隐私增强保护的电动汽车充电认证方案\code\epidcilent\x64\release\syscontrolbase.obj
c:\users\13247\desktop\基于后量子隐私增强保护的电动汽车充电认证方案\code\epidcilent\x64\release\syscombobox.obj
c:\users\13247\desktop\基于后量子隐私增强保护的电动汽车充电认证方案\code\epidcilent\x64\release\epid.ipdb
c:\users\13247\desktop\基于后量子隐私增强保护的电动汽车充电认证方案\code\epidcilent\x64\release\epid.iobj
c:\users\13247\desktop\基于后量子隐私增强保护的电动汽车充电认证方案\code\epidcilent\x64\release\epid.exe
c:\users\13247\desktop\基于后量子隐私增强保护的电动汽车充电认证方案\code\epidcilent\x64\release\epid.pdb
c:\users\13247\desktop\基于后量子隐私增强保护的电动汽车充电认证方案\code\epidcilent\x64\release\epid.tlog\cl.command.1.tlog
c:\users\13247\desktop\基于后量子隐私增强保护的电动汽车充电认证方案\code\epidcilent\x64\release\epid.tlog\cl.read.1.tlog
c:\users\13247\desktop\基于后量子隐私增强保护的电动汽车充电认证方案\code\epidcilent\x64\release\epid.tlog\cl.write.1.tlog
c:\users\13247\desktop\基于后量子隐私增强保护的电动汽车充电认证方案\code\epidcilent\x64\release\epid.tlog\epid.write.1u.tlog
c:\users\13247\desktop\基于后量子隐私增强保护的电动汽车充电认证方案\code\epidcilent\x64\release\epid.tlog\link.command.1.tlog
c:\users\13247\desktop\基于后量子隐私增强保护的电动汽车充电认证方案\code\epidcilent\x64\release\epid.tlog\link.read.1.tlog
c:\users\13247\desktop\基于后量子隐私增强保护的电动汽车充电认证方案\code\epidcilent\x64\release\epid.tlog\link.write.1.tlog
